  Source.cpp
C:\Users\murza\source\repos\AutorannerWSA\AutorannerWSA\Graph.h(8,10): warning C4067: непредвиденные лексемы за директивой препроцессора, требуется newline
C:\Users\murza\source\repos\AutorannerWSA\AutorannerWSA\Graph.h(111,12): warning C4477: "printf": в строке форматирования "%s" требуется аргумент типа "char *", но вариативный аргумент "1" имеет тип "std::string"
C:\Users\murza\source\repos\AutorannerWSA\AutorannerWSA\Graph.h(130,12): warning C4477: "printf": в строке форматирования "%s" требуется аргумент типа "char *", но вариативный аргумент "1" имеет тип "std::string"
C:\Users\murza\source\repos\AutorannerWSA\AutorannerWSA\Graph.h(147,12): warning C4477: "printf": в строке форматирования "%s" требуется аргумент типа "char *", но вариативный аргумент "1" имеет тип "std::string"
C:\Users\murza\source\repos\AutorannerWSA\AutorannerWSA\Graph.h(165,12): warning C4477: "printf": в строке форматирования "%s" требуется аргумент типа "char *", но вариативный аргумент "1" имеет тип "std::string"
C:\Users\murza\source\repos\AutorannerWSA\AutorannerWSA\Graph.h(205,15): warning C4390: ";": обнаружен пустой контролируемый оператор; это правильно?
C:\Users\murza\source\repos\AutorannerWSA\AutorannerWSA\Graph.h(390,15): warning C4390: ";": обнаружен пустой контролируемый оператор; это правильно?
C:\Users\murza\source\repos\AutorannerWSA\AutorannerWSA\Header.h(194,11): warning C4101: apk: неиспользованная локальная переменная
C:\Program Files\Microsoft Visual Studio\2022\Community\VC\Tools\MSVC\14.37.32822\include\xstring(2728,53): warning C4244: аргумент: преобразование "wchar_t" в "const _Elem", возможна потеря данных
          with
          [
              _Elem=char
          ]
C:\Program Files\Microsoft Visual Studio\2022\Community\VC\Tools\MSVC\14.37.32822\include\xstring(2584,17): message : выполняется компиляция ссылки на экземпляр шаблон функции "void std::basic_string<char,std::char_traits<char>,std::allocator<char>>::_Construct_from_iter<wchar_t*,wchar_t*,_Size_type>(_Iter,const _Sent,_Size)"
          with
          [
              _Size_type=unsigned __int64,
              _Iter=wchar_t *,
              _Sent=wchar_t *,
              _Size=unsigned __int64
          ]
C:\Users\murza\source\repos\AutorannerWSA\AutorannerWSA\Source.cpp(37,12): message : выполняется компиляция ссылки на экземпляр шаблон функции "std::basic_string<char,std::char_traits<char>,std::allocator<char>>::basic_string<std::_String_iterator<std::_String_val<std::_Simple_types<_Elem>>>,0>(_Iter,_Iter,const _Alloc &)"
          with
          [
              _Elem=wchar_t,
              _Iter=std::_String_iterator<std::_String_val<std::_Simple_types<wchar_t>>>,
              _Alloc=std::allocator<char>
          ]
C:\Users\murza\source\repos\AutorannerWSA\AutorannerWSA\Source.cpp(37,12): message : см. первую ссылку на "std::basic_string<char,std::char_traits<char>,std::allocator<char>>::basic_string" в "ConvTCHARtoSTR"
C:\Users\murza\source\repos\AutorannerWSA\AutorannerWSA\Header.h(66): warning C4715: CheckADB::ConnectToCustomIP: значение возвращается не при всех путях выполнения
  AutorannerWSA.vcxproj -> C:\Users\murza\source\repos\AutorannerWSA\x64\Debug\AutorannerWSA.exe
